  OpenProcessByName.cpp
C:\Users\macyg\source\repos\MemoryHacker-main\MemoryHacker\OpenProcessByName.cpp(138,11): warning C4101: 'progSize': unreferenced local variable
C:\Users\macyg\source\repos\MemoryHacker-main\MemoryHacker\OpenProcessByName.cpp(155,29): warning C4101: 'meminfo': unreferenced local variable
C:\Users\macyg\source\repos\MemoryHacker-main\MemoryHacker\OpenProcessByName.cpp(161,9): warning C4101: 'buffer': unreferenced local variable
C:\Users\macyg\source\repos\MemoryHacker-main\MemoryHacker\OpenProcessByName.cpp(93): warning C4715: 'FindTargetProcess': not all control paths return a value
C:\Users\macyg\source\repos\MemoryHacker-main\MemoryHacker\OpenProcessByName.cpp(226): warning C4715: 'OpenProcessByName': not all control paths return a value
  Searching libraries
      Searching C:\Program Files (x86)\Windows Kits\10\lib\10.0.22000.0\um\x64\dbghelp.lib:
  Finished searching libraries
  
  Searching libraries
      Searching C:\Program Files (x86)\Windows Kits\10\lib\10.0.22000.0\um\x64\dbghelp.lib:
      Searching C:\Program Files (x86)\Windows Kits\10\lib\10.0.22000.0\um\x64\kernel32.lib:
      Searching C:\Program Files (x86)\Windows Kits\10\lib\10.0.22000.0\um\x64\user32.lib:
      Searching C:\Program Files (x86)\Windows Kits\10\lib\10.0.22000.0\um\x64\gdi32.lib:
      Searching C:\Program Files (x86)\Windows Kits\10\lib\10.0.22000.0\um\x64\winspool.lib:
      Searching C:\Program Files (x86)\Windows Kits\10\lib\10.0.22000.0\um\x64\comdlg32.lib:
      Searching C:\Program Files (x86)\Windows Kits\10\lib\10.0.22000.0\um\x64\advapi32.lib:
      Searching C:\Program Files (x86)\Windows Kits\10\lib\10.0.22000.0\um\x64\shell32.lib:
      Searching C:\Program Files (x86)\Windows Kits\10\lib\10.0.22000.0\um\x64\ole32.lib:
      Searching C:\Program Files (x86)\Windows Kits\10\lib\10.0.22000.0\um\x64\oleaut32.lib:
      Searching C:\Program Files (x86)\Windows Kits\10\lib\10.0.22000.0\um\x64\uuid.lib:
      Searching C:\Program Files (x86)\Windows Kits\10\lib\10.0.22000.0\um\x64\odbc32.lib:
      Searching C:\Program Files (x86)\Windows Kits\10\lib\10.0.22000.0\um\x64\odbccp32.lib:
      Searching C:\Program Files\Microsoft Visual Studio\2022\Community\VC\Tools\MSVC\14.34.31933\lib\x64\msvcprtd.lib:
      Searching C:\Program Files\Microsoft Visual Studio\2022\Community\VC\Tools\MSVC\14.34.31933\lib\x64\MSVCRTD.lib:
      Searching C:\Program Files\Microsoft Visual Studio\2022\Community\VC\Tools\MSVC\14.34.31933\lib\x64\OLDNAMES.lib:
      Searching C:\Program Files\Microsoft Visual Studio\2022\Community\VC\Tools\MSVC\14.34.31933\lib\x64\vcruntimed.lib:
      Searching C:\Program Files (x86)\Windows Kits\10\lib\10.0.22000.0\ucrt\x64\ucrtd.lib:
      Searching C:\Program Files (x86)\Windows Kits\10\lib\10.0.22000.0\um\x64\dbghelp.lib:
      Searching C:\Program Files (x86)\Windows Kits\10\lib\10.0.22000.0\um\x64\kernel32.lib:
      Searching C:\Program Files (x86)\Windows Kits\10\lib\10.0.22000.0\um\x64\user32.lib:
      Searching C:\Program Files (x86)\Windows Kits\10\lib\10.0.22000.0\um\x64\gdi32.lib:
      Searching C:\Program Files (x86)\Windows Kits\10\lib\10.0.22000.0\um\x64\winspool.lib:
      Searching C:\Program Files (x86)\Windows Kits\10\lib\10.0.22000.0\um\x64\comdlg32.lib:
      Searching C:\Program Files (x86)\Windows Kits\10\lib\10.0.22000.0\um\x64\advapi32.lib:
      Searching C:\Program Files (x86)\Windows Kits\10\lib\10.0.22000.0\um\x64\shell32.lib:
      Searching C:\Program Files (x86)\Windows Kits\10\lib\10.0.22000.0\um\x64\ole32.lib:
      Searching C:\Program Files (x86)\Windows Kits\10\lib\10.0.22000.0\um\x64\oleaut32.lib:
      Searching C:\Program Files (x86)\Windows Kits\10\lib\10.0.22000.0\um\x64\uuid.lib:
      Searching C:\Program Files (x86)\Windows Kits\10\lib\10.0.22000.0\um\x64\odbc32.lib:
      Searching C:\Program Files (x86)\Windows Kits\10\lib\10.0.22000.0\um\x64\odbccp32.lib:
      Searching C:\Program Files\Microsoft Visual Studio\2022\Community\VC\Tools\MSVC\14.34.31933\lib\x64\msvcprtd.lib:
      Searching C:\Program Files\Microsoft Visual Studio\2022\Community\VC\Tools\MSVC\14.34.31933\lib\x64\MSVCRTD.lib:
      Searching C:\Program Files\Microsoft Visual Studio\2022\Community\VC\Tools\MSVC\14.34.31933\lib\x64\OLDNAMES.lib:
      Searching C:\Program Files\Microsoft Visual Studio\2022\Community\VC\Tools\MSVC\14.34.31933\lib\x64\vcruntimed.lib:
      Searching C:\Program Files (x86)\Windows Kits\10\lib\10.0.22000.0\ucrt\x64\ucrtd.lib:
      Searching C:\Program Files (x86)\Windows Kits\10\lib\10.0.22000.0\um\x64\dbghelp.lib:
  
  Finished searching libraries
  
  Searching libraries
      Searching C:\Program Files (x86)\Windows Kits\10\lib\10.0.22000.0\um\x64\dbghelp.lib:
      Searching C:\Program Files (x86)\Windows Kits\10\lib\10.0.22000.0\um\x64\kernel32.lib:
      Searching C:\Program Files (x86)\Windows Kits\10\lib\10.0.22000.0\um\x64\user32.lib:
      Searching C:\Program Files (x86)\Windows Kits\10\lib\10.0.22000.0\um\x64\gdi32.lib:
      Searching C:\Program Files (x86)\Windows Kits\10\lib\10.0.22000.0\um\x64\winspool.lib:
      Searching C:\Program Files (x86)\Windows Kits\10\lib\10.0.22000.0\um\x64\comdlg32.lib:
      Searching C:\Program Files (x86)\Windows Kits\10\lib\10.0.22000.0\um\x64\advapi32.lib:
      Searching C:\Program Files (x86)\Windows Kits\10\lib\10.0.22000.0\um\x64\shell32.lib:
      Searching C:\Program Files (x86)\Windows Kits\10\lib\10.0.22000.0\um\x64\ole32.lib:
      Searching C:\Program Files (x86)\Windows Kits\10\lib\10.0.22000.0\um\x64\oleaut32.lib:
      Searching C:\Program Files (x86)\Windows Kits\10\lib\10.0.22000.0\um\x64\uuid.lib:
      Searching C:\Program Files (x86)\Windows Kits\10\lib\10.0.22000.0\um\x64\odbc32.lib:
      Searching C:\Program Files (x86)\Windows Kits\10\lib\10.0.22000.0\um\x64\odbccp32.lib:
      Searching C:\Program Files\Microsoft Visual Studio\2022\Community\VC\Tools\MSVC\14.34.31933\lib\x64\msvcprtd.lib:
      Searching C:\Program Files\Microsoft Visual Studio\2022\Community\VC\Tools\MSVC\14.34.31933\lib\x64\MSVCRTD.lib:
      Searching C:\Program Files\Microsoft Visual Studio\2022\Community\VC\Tools\MSVC\14.34.31933\lib\x64\OLDNAMES.lib:
      Searching C:\Program Files\Microsoft Visual Studio\2022\Community\VC\Tools\MSVC\14.34.31933\lib\x64\vcruntimed.lib:
      Searching C:\Program Files (x86)\Windows Kits\10\lib\10.0.22000.0\ucrt\x64\ucrtd.lib:
  
  Finished searching libraries
  
  Searching libraries
      Searching C:\Program Files (x86)\Windows Kits\10\lib\10.0.22000.0\um\x64\dbghelp.lib:
      Searching C:\Program Files (x86)\Windows Kits\10\lib\10.0.22000.0\um\x64\kernel32.lib:
      Searching C:\Program Files (x86)\Windows Kits\10\lib\10.0.22000.0\um\x64\user32.lib:
      Searching C:\Program Files (x86)\Windows Kits\10\lib\10.0.22000.0\um\x64\gdi32.lib:
      Searching C:\Program Files (x86)\Windows Kits\10\lib\10.0.22000.0\um\x64\winspool.lib:
      Searching C:\Program Files (x86)\Windows Kits\10\lib\10.0.22000.0\um\x64\comdlg32.lib:
      Searching C:\Program Files (x86)\Windows Kits\10\lib\10.0.22000.0\um\x64\advapi32.lib:
      Searching C:\Program Files (x86)\Windows Kits\10\lib\10.0.22000.0\um\x64\shell32.lib:
      Searching C:\Program Files (x86)\Windows Kits\10\lib\10.0.22000.0\um\x64\ole32.lib:
      Searching C:\Program Files (x86)\Windows Kits\10\lib\10.0.22000.0\um\x64\oleaut32.lib:
      Searching C:\Program Files (x86)\Windows Kits\10\lib\10.0.22000.0\um\x64\uuid.lib:
      Searching C:\Program Files (x86)\Windows Kits\10\lib\10.0.22000.0\um\x64\odbc32.lib:
      Searching C:\Program Files (x86)\Windows Kits\10\lib\10.0.22000.0\um\x64\odbccp32.lib:
      Searching C:\Program Files\Microsoft Visual Studio\2022\Community\VC\Tools\MSVC\14.34.31933\lib\x64\msvcprtd.lib:
      Searching C:\Program Files\Microsoft Visual Studio\2022\Community\VC\Tools\MSVC\14.34.31933\lib\x64\MSVCRTD.lib:
      Searching C:\Program Files\Microsoft Visual Studio\2022\Community\VC\Tools\MSVC\14.34.31933\lib\x64\OLDNAMES.lib:
      Searching C:\Program Files\Microsoft Visual Studio\2022\Community\VC\Tools\MSVC\14.34.31933\lib\x64\vcruntimed.lib:
      Searching C:\Program Files (x86)\Windows Kits\10\lib\10.0.22000.0\ucrt\x64\ucrtd.lib:
  
  Finished searching libraries
  
  Searching libraries
      Searching C:\Program Files (x86)\Windows Kits\10\lib\10.0.22000.0\um\x64\dbghelp.lib:
      Searching C:\Program Files (x86)\Windows Kits\10\lib\10.0.22000.0\um\x64\kernel32.lib:
      Searching C:\Program Files (x86)\Windows Kits\10\lib\10.0.22000.0\um\x64\user32.lib:
      Searching C:\Program Files (x86)\Windows Kits\10\lib\10.0.22000.0\um\x64\gdi32.lib:
      Searching C:\Program Files (x86)\Windows Kits\10\lib\10.0.22000.0\um\x64\winspool.lib:
      Searching C:\Program Files (x86)\Windows Kits\10\lib\10.0.22000.0\um\x64\comdlg32.lib:
      Searching C:\Program Files (x86)\Windows Kits\10\lib\10.0.22000.0\um\x64\advapi32.lib:
      Searching C:\Program Files (x86)\Windows Kits\10\lib\10.0.22000.0\um\x64\shell32.lib:
      Searching C:\Program Files (x86)\Windows Kits\10\lib\10.0.22000.0\um\x64\ole32.lib:
      Searching C:\Program Files (x86)\Windows Kits\10\lib\10.0.22000.0\um\x64\oleaut32.lib:
      Searching C:\Program Files (x86)\Windows Kits\10\lib\10.0.22000.0\um\x64\uuid.lib:
      Searching C:\Program Files (x86)\Windows Kits\10\lib\10.0.22000.0\um\x64\odbc32.lib:
      Searching C:\Program Files (x86)\Windows Kits\10\lib\10.0.22000.0\um\x64\odbccp32.lib:
      Searching C:\Program Files\Microsoft Visual Studio\2022\Community\VC\Tools\MSVC\14.34.31933\lib\x64\msvcprtd.lib:
      Searching C:\Program Files\Microsoft Visual Studio\2022\Community\VC\Tools\MSVC\14.34.31933\lib\x64\MSVCRTD.lib:
      Searching C:\Program Files\Microsoft Visual Studio\2022\Community\VC\Tools\MSVC\14.34.31933\lib\x64\OLDNAMES.lib:
      Searching C:\Program Files\Microsoft Visual Studio\2022\Community\VC\Tools\MSVC\14.34.31933\lib\x64\vcruntimed.lib:
      Searching C:\Program Files (x86)\Windows Kits\10\lib\10.0.22000.0\ucrt\x64\ucrtd.lib:
  
  Finished searching libraries
  
  Searching libraries
      Searching C:\Program Files (x86)\Windows Kits\10\lib\10.0.22000.0\um\x64\dbghelp.lib:
      Searching C:\Program Files (x86)\Windows Kits\10\lib\10.0.22000.0\um\x64\kernel32.lib:
      Searching C:\Program Files (x86)\Windows Kits\10\lib\10.0.22000.0\um\x64\user32.lib:
      Searching C:\Program Files (x86)\Windows Kits\10\lib\10.0.22000.0\um\x64\gdi32.lib:
      Searching C:\Program Files (x86)\Windows Kits\10\lib\10.0.22000.0\um\x64\winspool.lib:
      Searching C:\Program Files (x86)\Windows Kits\10\lib\10.0.22000.0\um\x64\comdlg32.lib:
      Searching C:\Program Files (x86)\Windows Kits\10\lib\10.0.22000.0\um\x64\advapi32.lib:
      Searching C:\Program Files (x86)\Windows Kits\10\lib\10.0.22000.0\um\x64\shell32.lib:
      Searching C:\Program Files (x86)\Windows Kits\10\lib\10.0.22000.0\um\x64\ole32.lib:
      Searching C:\Program Files (x86)\Windows Kits\10\lib\10.0.22000.0\um\x64\oleaut32.lib:
      Searching C:\Program Files (x86)\Windows Kits\10\lib\10.0.22000.0\um\x64\uuid.lib:
      Searching C:\Program Files (x86)\Windows Kits\10\lib\10.0.22000.0\um\x64\odbc32.lib:
      Searching C:\Program Files (x86)\Windows Kits\10\lib\10.0.22000.0\um\x64\odbccp32.lib:
      Searching C:\Program Files\Microsoft Visual Studio\2022\Community\VC\Tools\MSVC\14.34.31933\lib\x64\msvcprtd.lib:
      Searching C:\Program Files\Microsoft Visual Studio\2022\Community\VC\Tools\MSVC\14.34.31933\lib\x64\MSVCRTD.lib:
      Searching C:\Program Files\Microsoft Visual Studio\2022\Community\VC\Tools\MSVC\14.34.31933\lib\x64\OLDNAMES.lib:
      Searching C:\Program Files\Microsoft Visual Studio\2022\Community\VC\Tools\MSVC\14.34.31933\lib\x64\vcruntimed.lib:
  
  Finished searching libraries
  MemoryHacker.vcxproj -> C:\Users\macyg\source\repos\MemoryHacker-main\x64\Debug\MemoryHacker.exe
